[2020-12-27 05:50:17][17] Processing: App\Jobs\UserOnlineStatus
[2020-12-27 05:50:17][17] Processed:  App\Jobs\UserOnlineStatus
[2020-12-27 05:50:28][18] Processing: App\Jobs\UserOnlineStatus
[2020-12-27 05:50:28][18] Processed:  App\Jobs\UserOnlineStatus
[2020-12-27 05:50:58][19] Processing: App\Jobs\UserOnlineStatus
[2020-12-27 05:50:58][19] Processed:  App\Jobs\UserOnlineStatus
[2020-12-27 05:50:58][20] Processing: App\Jobs\UserOnlineStatus
[2020-12-27 05:50:58][20] Processed:  App\Jobs\UserOnlineStatus
[2020-12-27 05:51:17][21] Processing: App\Jobs\UserOnlineStatus
[2020-12-27 05:51:17][21] Processed:  App\Jobs\UserOnlineStatus
[2020-12-27 05:51:17][22] Processing: App\Jobs\UserOnlineStatus
[2020-12-27 05:51:17][22] Processed:  App\Jobs\UserOnlineStatus
[2020-12-27 06:29:19][23] Processing: App\Jobs\UserOnlineStatus
[2020-12-27 06:29:19][23] Processed:  App\Jobs\UserOnlineStatus
[2020-12-27 06:29:59][24] Processing: App\Jobs\UserOnlineStatus
[2020-12-27 06:29:59][25] Processing: App\Jobs\UserOnlineStatus
[2020-12-27 06:29:59][26] Processing: App\Jobs\UserOnlineStatus
[2020-12-27 06:29:59][26] Failed:     App\Jobs\UserOnlineStatus
[2020-12-27 06:31:30][27] Processing: App\Jobs\UserOnlineStatus
[2020-12-27 06:31:30][28] Processing: App\Jobs\UserOnlineStatus
[2020-12-27 06:31:30][29] Processing: App\Jobs\UserOnlineStatus
[2020-12-27 06:31:30][30] Processing: App\Jobs\UserOnlineStatus
[2020-12-27 06:31:30][31] Processing: App\Jobs\UserOnlineStatus
[2020-12-27 06:31:30][31] Failed:     App\Jobs\UserOnlineStatus
[2020-12-27 06:31:31][32] Processing: App\Jobs\UserOnlineStatus
[2020-12-27 06:31:31][32] Failed:     App\Jobs\UserOnlineStatus
[2020-12-27 07:09:34][33] Processing: App\Jobs\UserOnlineStatus
[2020-12-27 07:09:34][33] Processed:  App\Jobs\UserOnlineStatus
[2020-12-27 07:09:34][34] Processing: App\Jobs\UserOnlineStatus
[2020-12-27 07:09:34][34] Processed:  App\Jobs\UserOnlineStatus
[2020-12-27 07:11:02][35] Processing: App\Jobs\UserOnlineStatus
[2020-12-27 07:11:02][35] Processed:  App\Jobs\UserOnlineStatus
[2020-12-27 07:11:03][36] Processing: App\Jobs\UserOnlineStatus
[2020-12-27 07:11:03][36] Processed:  App\Jobs\UserOnlineStatus
[2020-12-27 07:12:23][37] Processing: App\Jobs\UserOnlineStatus
[2020-12-27 07:12:23][38] Processing: App\Jobs\UserOnlineStatus
[2020-12-27 07:12:23][39] Processing: App\Jobs\UserOnlineStatus
[2020-12-27 07:12:24][40] Processing: App\Jobs\UserOnlineStatus
[2020-12-27 07:12:24][41] Processing: App\Jobs\UserOnlineStatus
[2020-12-27 07:12:24][41] Failed:     App\Jobs\UserOnlineStatus
[2020-12-27 07:12:24][42] Processing: App\Jobs\UserOnlineStatus
[2020-12-27 07:12:24][42] Failed:     App\Jobs\UserOnlineStatus
[2020-12-27 07:13:27][43] Processing: App\Jobs\UserOnlineStatus
[2020-12-27 07:13:27][43] Processed:  App\Jobs\UserOnlineStatus
[2020-12-27 07:13:27][44] Processing: App\Jobs\UserOnlineStatus
[2020-12-27 07:13:27][44] Processed:  App\Jobs\UserOnlineStatus
[2020-12-27 07:14:13][45] Processing: App\Jobs\UserOnlineStatus
[2020-12-27 07:14:13][45] Processed:  App\Jobs\UserOnlineStatus
[2020-12-27 07:14:13][46] Processing: App\Jobs\UserOnlineStatus
[2020-12-27 07:14:13][46] Processed:  App\Jobs\UserOnlineStatus
[2020-12-27 07:34:27][47] Processing: App\Jobs\UserOnlineStatus
[2020-12-27 07:34:27][47] Processed:  App\Jobs\UserOnlineStatus
[2020-12-27 07:34:27][48] Processing: App\Jobs\UserOnlineStatus
[2020-12-27 07:34:27][48] Processed:  App\Jobs\UserOnlineStatus
[2020-12-27 07:35:03][49] Processing: App\Jobs\UserOnlineStatus
[2020-12-27 07:35:03][49] Processed:  App\Jobs\UserOnlineStatus
[2020-12-27 07:35:42][50] Processing: App\Jobs\UserOnlineStatus
[2020-12-27 07:35:43][50] Processed:  App\Jobs\UserOnlineStatus
[2020-12-27 07:35:43][51] Processing: App\Jobs\UserOnlineStatus
[2020-12-27 07:35:43][51] Processed:  App\Jobs\UserOnlineStatus
[2020-12-27 07:35:49][52] Processing: App\Jobs\UserOnlineStatus
[2020-12-27 07:35:49][52] Processed:  App\Jobs\UserOnlineStatus
[2020-12-27 07:35:49][53] Processing: App\Jobs\UserOnlineStatus
[2020-12-27 07:35:49][53] Processed:  App\Jobs\UserOnlineStatus
[2020-12-27 07:37:01][54] Processing: App\Jobs\UserOnlineStatus
[2020-12-27 07:37:02][54] Processed:  App\Jobs\UserOnlineStatus
[2020-12-27 07:37:02][55] Processing: App\Jobs\UserOnlineStatus
[2020-12-27 07:37:02][55] Processed:  App\Jobs\UserOnlineStatus
[2020-12-27 07:37:52][56] Processing: App\Jobs\UserOnlineStatus
[2020-12-27 07:37:52][56] Processed:  App\Jobs\UserOnlineStatus
[2020-12-27 07:37:52][57] Processing: App\Jobs\UserOnlineStatus
[2020-12-27 07:37:52][57] Processed:  App\Jobs\UserOnlineStatus
[2020-12-27 07:37:52][58] Processing: App\Events\UserOnlineStatusUpdate
[2020-12-27 07:37:53][58] Processed:  App\Events\UserOnlineStatusUpdate
[2020-12-27 07:37:53][59] Processing: App\Events\UserOnlineStatusUpdate
[2020-12-27 07:37:53][59] Processed:  App\Events\UserOnlineStatusUpdate
[2020-12-27 07:38:05][60] Processing: App\Jobs\UserOnlineStatus
[2020-12-27 07:38:05][60] Processed:  App\Jobs\UserOnlineStatus
[2020-12-27 07:38:05][61] Processing: App\Jobs\UserOnlineStatus
[2020-12-27 07:38:05][61] Processed:  App\Jobs\UserOnlineStatus
[2020-12-27 07:38:05][62] Processing: App\Events\UserOnlineStatusUpdate
[2020-12-27 07:38:05][62] Processed:  App\Events\UserOnlineStatusUpdate
[2020-12-27 07:38:05][63] Processing: App\Events\UserOnlineStatusUpdate
[2020-12-27 07:38:06][63] Processed:  App\Events\UserOnlineStatusUpdate
[2020-12-27 07:38:36][64] Processing: App\Jobs\UserOnlineStatus
[2020-12-27 07:38:36][64] Processed:  App\Jobs\UserOnlineStatus
[2020-12-27 07:38:36][65] Processing: App\Events\UserOnlineStatusUpdate
[2020-12-27 07:38:36][65] Processed:  App\Events\UserOnlineStatusUpdate
[2020-12-27 07:39:03][66] Processing: App\Jobs\UserOnlineStatus
[2020-12-27 07:39:03][66] Processed:  App\Jobs\UserOnlineStatus
[2020-12-27 07:39:04][67] Processing: App\Events\UserOnlineStatusUpdate
[2020-12-27 07:39:04][67] Processed:  App\Events\UserOnlineStatusUpdate
[2020-12-27 07:39:25][68] Processing: App\Jobs\UserOnlineStatus
[2020-12-27 07:39:25][68] Processed:  App\Jobs\UserOnlineStatus
[2020-12-27 07:39:25][69] Processing: App\Events\UserOnlineStatusUpdate
[2020-12-27 07:39:25][69] Processed:  App\Events\UserOnlineStatusUpdate
[2020-12-27 07:39:37][70] Processing: App\Jobs\UserOnlineStatus
[2020-12-27 07:39:38][70] Processed:  App\Jobs\UserOnlineStatus
[2020-12-27 07:39:38][71] Processing: App\Events\UserOnlineStatusUpdate
[2020-12-27 07:39:38][71] Processed:  App\Events\UserOnlineStatusUpdate
[2020-12-27 07:39:38][72] Processing: App\Events\UserOnlineStatusUpdate
[2020-12-27 07:39:38][72] Processed:  App\Events\UserOnlineStatusUpdate
[2020-12-27 07:39:56][73] Processing: App\Jobs\UserOnlineStatus
[2020-12-27 07:39:57][73] Processed:  App\Jobs\UserOnlineStatus
[2020-12-27 07:39:57][74] Processing: App\Events\UserOnlineStatusUpdate
[2020-12-27 07:39:57][74] Processed:  App\Events\UserOnlineStatusUpdate
[2020-12-27 07:39:57][75] Processing: App\Events\UserOnlineStatusUpdate
[2020-12-27 07:39:57][75] Processed:  App\Events\UserOnlineStatusUpdate
[2020-12-27 07:41:12][76] Processing: App\Jobs\UserOnlineStatus
[2020-12-27 07:41:12][76] Processed:  App\Jobs\UserOnlineStatus
[2020-12-27 07:41:12][77] Processing: App\Events\UserOnlineStatusUpdate
[2020-12-27 07:41:13][77] Processed:  App\Events\UserOnlineStatusUpdate
[2020-12-27 07:41:13][78] Processing: App\Events\UserOnlineStatusUpdate
[2020-12-27 07:41:13][78] Processed:  App\Events\UserOnlineStatusUpdate
[2020-12-27 08:06:06][79] Processing: App\Jobs\UserOnlineStatus
[2020-12-27 08:06:06][79] Processed:  App\Jobs\UserOnlineStatus
[2020-12-27 08:06:07][80] Processing: App\Jobs\UserOnlineStatus
[2020-12-27 08:06:07][80] Processed:  App\Jobs\UserOnlineStatus
[2020-12-27 08:06:07][81] Processing: App\Events\UserOnlineStatusUpdate
[2020-12-27 08:06:07][81] Processed:  App\Events\UserOnlineStatusUpdate
[2020-12-27 08:06:07][82] Processing: App\Events\UserOnlineStatusUpdate
[2020-12-27 08:06:07][82] Processed:  App\Events\UserOnlineStatusUpdate
[2020-12-27 08:06:07][83] Processing: App\Events\UserOnlineStatusUpdate
[2020-12-27 08:06:08][83] Processed:  App\Events\UserOnlineStatusUpdate
[2020-12-27 08:06:08][84] Processing: App\Events\UserOnlineStatusUpdate
[2020-12-27 08:06:08][84] Processed:  App\Events\UserOnlineStatusUpdate
[2020-12-27 08:06:08][85] Processing: App\Events\UserOnlineStatusUpdate
[2020-12-27 08:06:08][85] Processed:  App\Events\UserOnlineStatusUpdate
[2020-12-27 08:06:08][86] Processing: App\Events\UserOnlineStatusUpdate
[2020-12-27 08:06:08][86] Processed:  App\Events\UserOnlineStatusUpdate
[2020-12-27 08:06:14][87] Processing: App\Jobs\UserOnlineStatus
[2020-12-27 08:06:15][87] Processed:  App\Jobs\UserOnlineStatus
[2020-12-27 08:06:15][88] Processing: App\Jobs\UserOnlineStatus
[2020-12-27 08:06:15][88] Processed:  App\Jobs\UserOnlineStatus
[2020-12-27 08:06:16][89] Processing: App\Events\UserOnlineStatusUpdate
[2020-12-27 08:06:16][89] Processed:  App\Events\UserOnlineStatusUpdate
[2020-12-27 08:06:16][90] Processing: App\Events\UserOnlineStatusUpdate
[2020-12-27 08:06:16][90] Processed:  App\Events\UserOnlineStatusUpdate
[2020-12-27 08:07:34][91] Processing: App\Jobs\UserOnlineStatus
[2020-12-27 08:07:34][91] Processed:  App\Jobs\UserOnlineStatus
[2020-12-27 08:07:34][92] Processing: App\Jobs\UserOnlineStatus
[2020-12-27 08:07:35][92] Processed:  App\Jobs\UserOnlineStatus
[2020-12-27 08:07:35][93] Processing: App\Events\UserOnlineStatusUpdate
[2020-12-27 08:07:35][93] Processed:  App\Events\UserOnlineStatusUpdate
[2020-12-27 08:07:35][94] Processing: App\Events\UserOnlineStatusUpdate
[2020-12-27 08:07:35][94] Processed:  App\Events\UserOnlineStatusUpdate
[2020-12-27 08:07:41][95] Processing: App\Jobs\UserOnlineStatus
[2020-12-27 08:07:41][95] Processed:  App\Jobs\UserOnlineStatus
[2020-12-27 08:07:41][96] Processing: App\Jobs\UserOnlineStatus
[2020-12-27 08:07:42][96] Processed:  App\Jobs\UserOnlineStatus
[2020-12-27 08:07:42][97] Processing: App\Events\UserOnlineStatusUpdate
[2020-12-27 08:07:42][97] Processed:  App\Events\UserOnlineStatusUpdate
[2020-12-27 08:07:42][98] Processing: App\Events\UserOnlineStatusUpdate
[2020-12-27 08:07:42][98] Processed:  App\Events\UserOnlineStatusUpdate
[2020-12-27 08:07:42][99] Processing: App\Events\UserOnlineStatusUpdate
[2020-12-27 08:07:42][99] Processed:  App\Events\UserOnlineStatusUpdate
[2020-12-27 08:07:43][100] Processing: App\Events\UserOnlineStatusUpdate
[2020-12-27 08:07:43][100] Processed:  App\Events\UserOnlineStatusUpdate
[2020-12-27 08:07:43][101] Processing: App\Events\UserOnlineStatusUpdate
[2020-12-27 08:07:43][101] Processed:  App\Events\UserOnlineStatusUpdate
[2020-12-27 08:07:43][102] Processing: App\Events\UserOnlineStatusUpdate
[2020-12-27 08:07:43][102] Processed:  App\Events\UserOnlineStatusUpdate
[2020-12-27 08:07:52][103] Processing: App\Jobs\UserOnlineStatus
[2020-12-27 08:07:53][103] Processed:  App\Jobs\UserOnlineStatus
[2020-12-27 08:07:53][104] Processing: App\Jobs\UserOnlineStatus
[2020-12-27 08:07:54][104] Processed:  App\Jobs\UserOnlineStatus
[2020-12-27 08:07:54][105] Processing: App\Events\UserOnlineStatusUpdate
[2020-12-27 08:07:54][105] Processed:  App\Events\UserOnlineStatusUpdate
[2020-12-27 08:07:54][106] Processing: App\Events\UserOnlineStatusUpdate
[2020-12-27 08:07:54][106] Processed:  App\Events\UserOnlineStatusUpdate
[2020-12-27 08:07:54][107] Processing: App\Events\UserOnlineStatusUpdate
[2020-12-27 08:07:54][107] Processed:  App\Events\UserOnlineStatusUpdate
[2020-12-27 08:07:55][108] Processing: App\Events\UserOnlineStatusUpdate
[2020-12-27 08:07:55][108] Processed:  App\Events\UserOnlineStatusUpdate
[2020-12-27 08:07:55][109] Processing: App\Jobs\UserOnlineStatus
[2020-12-27 08:07:55][109] Processed:  App\Jobs\UserOnlineStatus
[2020-12-27 08:07:55][110] Processing: App\Jobs\UserOnlineStatus
[2020-12-27 08:07:56][110] Processed:  App\Jobs\UserOnlineStatus
[2020-12-27 08:07:56][111] Processing: App\Events\UserOnlineStatusUpdate
[2020-12-27 08:07:56][111] Processed:  App\Events\UserOnlineStatusUpdate
[2020-12-27 08:07:56][112] Processing: App\Events\UserOnlineStatusUpdate
[2020-12-27 08:07:56][112] Processed:  App\Events\UserOnlineStatusUpdate
[2020-12-27 08:07:56][113] Processing: App\Events\UserOnlineStatusUpdate
[2020-12-27 08:07:56][113] Processed:  App\Events\UserOnlineStatusUpdate
[2020-12-27 08:07:56][114] Processing: App\Events\UserOnlineStatusUpdate
[2020-12-27 08:07:56][114] Processed:  App\Events\UserOnlineStatusUpdate
[2020-12-27 08:07:57][115] Processing: App\Events\UserOnlineStatusUpdate
[2020-12-27 08:07:57][115] Processed:  App\Events\UserOnlineStatusUpdate
[2020-12-27 08:07:57][116] Processing: App\Events\UserOnlineStatusUpdate
[2020-12-27 08:07:57][116] Processed:  App\Events\UserOnlineStatusUpdate
